2020-12-08T06:27:44.340Z|info : amplify pull core  {"appId":"[***]s6njqv","envName":"[***]ev","yes":false}
2020-12-08T06:28:12.124Z|info : amplify-provider-awscloudformation.zip-util.downloadZip.s3.getFile([{"Key":"[***]rent-[***]ud-[***]d.zip"},null])
2020-12-08T06:28:12.132Z|info : amplify-provider-awscloudformation.aws-s3.s3.getFile([{"Key":"[***]rent-[***]ud-[***]d.zip","Bucket":"[***]ify-[***]tend-[***]ev-[***]051-[***]ment"}])
2020-12-08T06:28:12.762Z|info : amplify-provider-awscloudformation.initialize-env.run.cfn.updateamplifyMetaFileWithStackOutputs([{"StackName":"[***]ify-[***]tend-[***]ev-[***]051"}])
2020-12-08T06:28:12.767Z|info : amplify-provider-awscloudformation.aws-cfn.updateamplifyMetaFileWithStackOutputs.cfn.describeStackResources([{"StackName":"[***]ify-[***]tend-[***]ev-[***]051"}])
2020-12-08T06:28:13.500Z|info : amplify-provider-awscloudformation.aws-cfn.describeStack.cfn.describeStacks([{"StackName":"[***]rmation:eu-[***]st-[***]83:stack/[***]ify-[***]tend-[***]ev-[***]051-[***]3341e2cf-[***]A4Z13/[***]0790-[***]a0-[***]eb-[***]b6-[***]2d862"}])
2020-12-08T06:28:13.937Z|info : amplify-provider-awscloudformation.aws-s3.s3.getFile([{"Key":"[***]ify-[***]json","Bucket":"[***]ify-[***]tend-[***]ev-[***]051-[***]ment"}])
2020-12-08T06:29:02.806Z|info : amplify update auth  
2020-12-08T06:33:49.386Z|info : amplify push core  
2020-12-08T06:34:00.090Z|info : amplify-provider-awscloudformation.zip-util.downloadZip.s3.getFile([{"Key":"[***]rent-[***]ud-[***]d.zip"},null])
2020-12-08T06:34:00.097Z|info : amplify-provider-awscloudformation.aws-s3.s3.getFile([{"Key":"[***]rent-[***]ud-[***]d.zip","Bucket":"[***]ify-[***]tend-[***]ev-[***]051-[***]ment"}])
2020-12-08T06:34:00.672Z|info : amplify-provider-awscloudformation.initialize-env.run.cfn.updateamplifyMetaFileWithStackOutputs([{"StackName":"[***]ify-[***]tend-[***]ev-[***]051"}])
2020-12-08T06:34:00.679Z|info : amplify-provider-awscloudformation.aws-cfn.updateamplifyMetaFileWithStackOutputs.cfn.describeStackResources([{"StackName":"[***]ify-[***]tend-[***]ev-[***]051"}])
2020-12-08T06:34:01.294Z|info : amplify-provider-awscloudformation.aws-cfn.describeStack.cfn.describeStacks([{"StackName":"[***]rmation:eu-[***]st-[***]83:stack/[***]ify-[***]tend-[***]ev-[***]051-[***]3341e2cf-[***]A4Z13/[***]0790-[***]a0-[***]eb-[***]b6-[***]2d862"}])
2020-12-08T06:34:01.743Z|info : amplify-provider-awscloudformation.aws-s3.s3.getFile([{"Key":"[***]ify-[***]json","Bucket":"[***]ify-[***]tend-[***]ev-[***]051-[***]ment"}])
2020-12-08T06:34:15.233Z|info : amplify update auth  
2020-12-08T06:34:46.683Z|info : amplify push core  
2020-12-08T06:34:58.934Z|info : amplify-provider-awscloudformation.zip-util.downloadZip.s3.getFile([{"Key":"[***]rent-[***]ud-[***]d.zip"},null])
2020-12-08T06:34:58.940Z|info : amplify-provider-awscloudformation.aws-s3.s3.getFile([{"Key":"[***]rent-[***]ud-[***]d.zip","Bucket":"[***]ify-[***]tend-[***]ev-[***]051-[***]ment"}])
2020-12-08T06:34:59.544Z|info : amplify-provider-awscloudformation.initialize-env.run.cfn.updateamplifyMetaFileWithStackOutputs([{"StackName":"[***]ify-[***]tend-[***]ev-[***]051"}])
2020-12-08T06:34:59.547Z|info : amplify-provider-awscloudformation.aws-cfn.updateamplifyMetaFileWithStackOutputs.cfn.describeStackResources([{"StackName":"[***]ify-[***]tend-[***]ev-[***]051"}])
2020-12-08T06:34:59.944Z|info : amplify-provider-awscloudformation.aws-cfn.describeStack.cfn.describeStacks([{"StackName":"[***]rmation:eu-[***]st-[***]83:stack/[***]ify-[***]tend-[***]ev-[***]051-[***]3341e2cf-[***]A4Z13/[***]0790-[***]a0-[***]eb-[***]b6-[***]2d862"}])
2020-12-08T06:35:00.340Z|info : amplify-provider-awscloudformation.aws-s3.s3.getFile([{"Key":"[***]ify-[***]json","Bucket":"[***]ify-[***]tend-[***]ev-[***]051-[***]ment"}])
2020-12-08T06:35:03.416Z|info : amplify-provider-awscloudformation.aws-s3.uploadFile.s3.putObject([{"Key":"[***]ify-[***]fn-[***]ates/[***]th/[***]341e2cf-[***]mation-[***]e.yml","Bucket":"[***]ify-[***]tend-[***]ev-[***]051-[***]ment"}])
2020-12-08T06:35:04.483Z|info : amplify-provider-awscloudformation.push-resources.updateCloudFormationNestedStack(["C:\\Users\\Andrei\\Projects\\CAA-Course\\app\\frontend\\amplify\\backend\\awscloudformation","C:\\Users\\Andrei\\Projects\\CAA-Course\\app\\frontend\\amplify\\backend\\awscloudformation\\nested-cloudformation-stack.yml"])
2020-12-08T06:35:04.493Z|info : amplify-provider-awscloudformation.aws-cfn.updateResourceStack.s3.uploadFile([{}])
2020-12-08T06:35:04.494Z|info : amplify-provider-awscloudformation.aws-s3.uploadFile.s3.putObject([{"Key":"[***]ted-[***]mation-[***].yml","Bucket":"[***]ify-[***]tend-[***]ev-[***]051-[***]ment"}])
2020-12-08T06:35:05.082Z|info : amplify-provider-awscloudformation.aws-cfn.updateResourceStack.describeStack([{"StackName":"[***]ify-[***]tend-[***]ev-[***]051"}])
2020-12-08T06:35:05.083Z|info : amplify-provider-awscloudformation.aws-cfn.describeStack.cfn.describeStacks([{"StackName":"[***]ify-[***]tend-[***]ev-[***]051"}])
2020-12-08T06:35:05.674Z|info : amplify-provider-awscloudformation.aws-cfn.updateResourceStack.updateStack([{"StackName":"[***]ify-[***]tend-[***]ev-[***]051"}])
2020-12-08T06:35:11.416Z|info : amplify-provider-awscloudformation.aws-cfn.getStackEvents.cfnModel.describeStackEvents([{"StackName":"[***]ify-[***]tend-[***]ev-[***]051"}])
2020-12-08T06:35:11.992Z|info : amplify-provider-awscloudformation.aws-cfn.getStackEvents.cfnModel.describeStackEvents([{"StackName":"[***]rmation:eu-[***]st-[***]83:stack/[***]ify-[***]tend-[***]ev-[***]051-[***]3341e2cf-[***]A4Z13/[***]0790-[***]a0-[***]eb-[***]b6-[***]2d862"}])
2020-12-08T06:35:12.077Z|info : amplify-provider-awscloudformation.aws-cfn.getStackEvents.cfnModel.describeStackEvents([{"StackName":"[***]rmation:eu-[***]st-[***]83:stack/[***]ify-[***]tend-[***]ev-[***]051/[***]5f30-[***]9f-[***]eb-[***]c2-[***]35b22"}])
2020-12-08T06:35:12.597Z|info : amplify-provider-awscloudformation.aws-cfn.getStackEvents.cfnModel.describeStackEvents([{"StackName":"[***]rmation:eu-[***]st-[***]83:stack/[***]ify-[***]tend-[***]ev-[***]051-[***]3341e2cf-[***]A4Z13/[***]0790-[***]a0-[***]eb-[***]b6-[***]2d862"}])
2020-12-08T06:35:16.422Z|info : amplify-provider-awscloudformation.aws-cfn.getStackEvents.cfnModel.describeStackEvents([{"StackName":"[***]ify-[***]tend-[***]ev-[***]051"}])
2020-12-08T06:35:16.925Z|info : amplify-provider-awscloudformation.aws-cfn.getStackEvents.cfnModel.describeStackEvents([{"StackName":"[***]rmation:eu-[***]st-[***]83:stack/[***]ify-[***]tend-[***]ev-[***]051-[***]3341e2cf-[***]A4Z13/[***]0790-[***]a0-[***]eb-[***]b6-[***]2d862"}])
2020-12-08T06:35:17.017Z|info : amplify-provider-awscloudformation.aws-cfn.getStackEvents.cfnModel.describeStackEvents([{"StackName":"[***]rmation:eu-[***]st-[***]83:stack/[***]ify-[***]tend-[***]ev-[***]051/[***]5f30-[***]9f-[***]eb-[***]c2-[***]35b22"}])
2020-12-08T06:35:17.658Z|info : amplify-provider-awscloudformation.aws-cfn.getStackEvents.cfnModel.describeStackEvents([{"StackName":"[***]rmation:eu-[***]st-[***]83:stack/[***]ify-[***]tend-[***]ev-[***]051-[***]3341e2cf-[***]A4Z13/[***]0790-[***]a0-[***]eb-[***]b6-[***]2d862"}])
2020-12-08T06:35:21.427Z|info : amplify-provider-awscloudformation.aws-cfn.getStackEvents.cfnModel.describeStackEvents([{"StackName":"[***]ify-[***]tend-[***]ev-[***]051"}])
2020-12-08T06:35:21.911Z|info : amplify-provider-awscloudformation.aws-cfn.getStackEvents.cfnModel.describeStackEvents([{"StackName":"[***]rmation:eu-[***]st-[***]83:stack/[***]ify-[***]tend-[***]ev-[***]051-[***]3341e2cf-[***]A4Z13/[***]0790-[***]a0-[***]eb-[***]b6-[***]2d862"}])
2020-12-08T06:35:21.996Z|info : amplify-provider-awscloudformation.aws-cfn.getStackEvents.cfnModel.describeStackEvents([{"StackName":"[***]rmation:eu-[***]st-[***]83:stack/[***]ify-[***]tend-[***]ev-[***]051/[***]5f30-[***]9f-[***]eb-[***]c2-[***]35b22"}])
2020-12-08T06:35:22.502Z|info : amplify-provider-awscloudformation.aws-cfn.getStackEvents.cfnModel.describeStackEvents([{"StackName":"[***]rmation:eu-[***]st-[***]83:stack/[***]ify-[***]tend-[***]ev-[***]051-[***]3341e2cf-[***]A4Z13/[***]0790-[***]a0-[***]eb-[***]b6-[***]2d862"}])
2020-12-08T06:35:26.430Z|info : amplify-provider-awscloudformation.aws-cfn.getStackEvents.cfnModel.describeStackEvents([{"StackName":"[***]ify-[***]tend-[***]ev-[***]051"}])
2020-12-08T06:35:26.933Z|info : amplify-provider-awscloudformation.aws-cfn.getStackEvents.cfnModel.describeStackEvents([{"StackName":"[***]rmation:eu-[***]st-[***]83:stack/[***]ify-[***]tend-[***]ev-[***]051-[***]3341e2cf-[***]A4Z13/[***]0790-[***]a0-[***]eb-[***]b6-[***]2d862"}])
2020-12-08T06:35:27.025Z|info : amplify-provider-awscloudformation.aws-cfn.getStackEvents.cfnModel.describeStackEvents([{"StackName":"[***]rmation:eu-[***]st-[***]83:stack/[***]ify-[***]tend-[***]ev-[***]051/[***]5f30-[***]9f-[***]eb-[***]c2-[***]35b22"}])
2020-12-08T06:35:27.682Z|info : amplify-provider-awscloudformation.aws-cfn.getStackEvents.cfnModel.describeStackEvents([{"StackName":"[***]rmation:eu-[***]st-[***]83:stack/[***]ify-[***]tend-[***]ev-[***]051-[***]3341e2cf-[***]A4Z13/[***]0790-[***]a0-[***]eb-[***]b6-[***]2d862"}])
2020-12-08T06:35:31.546Z|info : amplify-provider-awscloudformation.aws-cfn.getStackEvents.cfnModel.describeStackEvents([{"StackName":"[***]ify-[***]tend-[***]ev-[***]051"}])
2020-12-08T06:35:32.131Z|info : amplify-provider-awscloudformation.aws-cfn.getStackEvents.cfnModel.describeStackEvents([{"StackName":"[***]rmation:eu-[***]st-[***]83:stack/[***]ify-[***]tend-[***]ev-[***]051-[***]3341e2cf-[***]A4Z13/[***]0790-[***]a0-[***]eb-[***]b6-[***]2d862"}])
2020-12-08T06:35:32.235Z|info : amplify-provider-awscloudformation.aws-cfn.getStackEvents.cfnModel.describeStackEvents([{"StackName":"[***]rmation:eu-[***]st-[***]83:stack/[***]ify-[***]tend-[***]ev-[***]051/[***]5f30-[***]9f-[***]eb-[***]c2-[***]35b22"}])
2020-12-08T06:35:32.767Z|info : amplify-provider-awscloudformation.aws-cfn.getStackEvents.cfnModel.describeStackEvents([{"StackName":"[***]rmation:eu-[***]st-[***]83:stack/[***]ify-[***]tend-[***]ev-[***]051-[***]3341e2cf-[***]A4Z13/[***]0790-[***]a0-[***]eb-[***]b6-[***]2d862"}])
2020-12-08T06:35:36.490Z|info : amplify-provider-awscloudformation.aws-cfn.getStackEvents.cfnModel.describeStackEvents([{"StackName":"[***]ify-[***]tend-[***]ev-[***]051"}])
2020-12-08T06:35:37.049Z|info : amplify-provider-awscloudformation.aws-cfn.getStackEvents.cfnModel.describeStackEvents([{"StackName":"[***]rmation:eu-[***]st-[***]83:stack/[***]ify-[***]tend-[***]ev-[***]051/[***]5f30-[***]9f-[***]eb-[***]c2-[***]35b22"}])
2020-12-08T06:35:41.504Z|info : amplify-provider-awscloudformation.aws-cfn.getStackEvents.cfnModel.describeStackEvents([{"StackName":"[***]ify-[***]tend-[***]ev-[***]051"}])
2020-12-08T06:35:42.122Z|info : amplify-provider-awscloudformation.aws-cfn.getStackEvents.cfnModel.describeStackEvents([{"StackName":"[***]rmation:eu-[***]st-[***]83:stack/[***]ify-[***]tend-[***]ev-[***]051/[***]5f30-[***]9f-[***]eb-[***]c2-[***]35b22"}])
2020-12-08T06:35:46.514Z|info : amplify-provider-awscloudformation.aws-cfn.getStackEvents.cfnModel.describeStackEvents([{"StackName":"[***]ify-[***]tend-[***]ev-[***]051"}])
2020-12-08T06:35:47.040Z|info : amplify-provider-awscloudformation.aws-cfn.getStackEvents.cfnModel.describeStackEvents([{"StackName":"[***]rmation:eu-[***]st-[***]83:stack/[***]ify-[***]tend-[***]ev-[***]051/[***]5f30-[***]9f-[***]eb-[***]c2-[***]35b22"}])
2020-12-08T06:35:51.527Z|info : amplify-provider-awscloudformation.aws-cfn.getStackEvents.cfnModel.describeStackEvents([{"StackName":"[***]ify-[***]tend-[***]ev-[***]051"}])
2020-12-08T06:35:56.542Z|info : amplify-provider-awscloudformation.aws-cfn.getStackEvents.cfnModel.describeStackEvents([{"StackName":"[***]ify-[***]tend-[***]ev-[***]051"}])
2020-12-08T06:36:01.557Z|info : amplify-provider-awscloudformation.aws-cfn.getStackEvents.cfnModel.describeStackEvents([{"StackName":"[***]ify-[***]tend-[***]ev-[***]051"}])
2020-12-08T06:36:06.560Z|info : amplify-provider-awscloudformation.aws-cfn.getStackEvents.cfnModel.describeStackEvents([{"StackName":"[***]ify-[***]tend-[***]ev-[***]051"}])
2020-12-08T06:36:07.555Z|info : amplify-provider-awscloudformation.aws-cfn.updateamplifyMetaFileWithStackOutputs.cfn.describeStackResources([{"StackName":"[***]ify-[***]tend-[***]ev-[***]051"}])
2020-12-08T06:36:07.947Z|info : amplify-provider-awscloudformation.aws-cfn.describeStack.cfn.describeStacks([{"StackName":"[***]rmation:eu-[***]st-[***]83:stack/[***]ify-[***]tend-[***]ev-[***]051-[***]3341e2cf-[***]A4Z13/[***]0790-[***]a0-[***]eb-[***]b6-[***]2d862"}])
2020-12-08T06:36:08.505Z|info : amplify-provider-awscloudformation.push-resources.storeCurrentcoudBackend.s3.uploadFile([{"Key":"[***]rent-[***]ud-[***]d.zip"}])
2020-12-08T06:36:08.506Z|info : amplify-provider-awscloudformation.aws-s3.uploadFile.s3.putObject([{"Key":"[***]rent-[***]ud-[***]d.zip","Bucket":"[***]ify-[***]tend-[***]ev-[***]051-[***]ment"}])
2020-12-08T06:36:09.091Z|info : amplify-provider-awscloudformation.amplify-service-manager.s3.uploadFile([{"Key":"[***]ify-[***]json"}])
2020-12-08T06:36:09.093Z|info : amplify-provider-awscloudformation.aws-s3.uploadFile.s3.putObject([{"Key":"[***]ify-[***]json","Bucket":"[***]ify-[***]tend-[***]ev-[***]051-[***]ment"}])
2020-12-08T06:36:09.546Z|info : amplify-provider-awscloudformation.amplify-service-manager.s3.uploadFile([{"Key":"[***]end-[***].json"}])
2020-12-08T06:36:09.548Z|info : amplify-provider-awscloudformation.aws-s3.uploadFile.s3.putObject([{"Key":"[***]end-[***].json","Bucket":"[***]ify-[***]tend-[***]ev-[***]051-[***]ment"}])
